<?xml version="1.0" encoding="UTF-8"?>
<!-- Generated by org.testng.reporters.JUnitXMLReporter -->
<testsuite ignored="1" hostname="Sandeeps-MacBook-Air.local" failures="0" tests="15" name="ChromeTest" time="164.256" errors="0" timestamp="2025-03-25T01:34:58 GST">
  <testcase classname="com.auto.theInternet.IntenetHerokuappPOC.AddRemoveElementsTestClass" name="validateAddAndRemoveButtons" time="1.263"/>
  <testcase classname="com.auto.theInternet.IntenetHerokuappPOC.BasicAuthTestClass" name="BasicAuth" time="0.684"/>
  <testcase classname="com.auto.theInternet.IntenetHerokuappPOC.BrokenImageTestClass" name="validateStateOfImages" time="3.945"/>
  <testcase classname="com.auto.theInternet.IntenetHerokuappPOC.ChallengingDOMTestClass" name="validateChallengingDOM" time="0.918"/>
  <testcase classname="com.auto.theInternet.IntenetHerokuappPOC.CheckboxesTestClass" name="validateCheckboxes" time="0.782"/>
  <testcase classname="com.auto.theInternet.IntenetHerokuappPOC.ContextMenuTestClass" name="validateContextMenu" time="0.885"/>
  <testcase classname="com.auto.theInternet.IntenetHerokuappPOC.DisappearingElementsTestClass" name="validateDisappearingElements" time="2.23"/>
  <testcase classname="com.auto.theInternet.IntenetHerokuappPOC.DragAndDropTestClass" name="validatingDragAndDrop" time="3.026"/>
  <testcase classname="com.auto.theInternet.IntenetHerokuappPOC.DropDownTestClass" name="validateDropDown" time="1.153"/>
  <testcase classname="com.auto.theInternet.IntenetHerokuappPOC.DynamicContentTestClass" name="validateDynamicContentVariable" time="5.476"/>
  <testcase classname="com.auto.theInternet.IntenetHerokuappPOC.DynamicControlsTestClass" name="validateDynamicControl" time="7.543"/>
  <testcase classname="com.auto.theInternet.IntenetHerokuappPOC.DynamicLoadingTestClass" name="validateDynamicLoading" time="12.597"/>
  <testcase classname="com.auto.theInternet.IntenetHerokuappPOC.EntryAdTestClass" name="validateEntryAd" time="1.519"/>
  <testcase classname="com.auto.theInternet.IntenetHerokuappPOC.FileDownloadTestClass" name="validateFileDownload" time="6.438"/>
  <testcase classname="com.auto.theInternet.IntenetHerokuappPOC.ValidateABTesting" name="validateABTest" time="0.667"/>
  <testcase classname="com.auto.theInternet.IntenetHerokuappPOC.ExitIntentTestClass" name="validateExitIntent" time="0.0">
    <ignored/>
  </testcase> <!-- validateExitIntent -->
</testsuite> <!-- ChromeTest -->
