<?xml version="1.0" encoding="UTF-8"?>
<!-- Generated by org.testng.reporters.JUnitXMLReporter -->
<testsuite ignored="1" hostname="Sandeeps-MacBook-Air.local" failures="2" tests="15" name="FirefoxTest" time="325.9" errors="0" timestamp="2025-03-21T14:21:01 GST">
  <testcase classname="com.auto.theInternet.IntenetHerokuappPOC.AddRemoveElementsTestClass" name="validateAddAndRemoveButtons" time="2.264"/>
  <testcase classname="com.auto.theInternet.IntenetHerokuappPOC.BasicAuthTestClass" name="BasicAuth" time="1.142">
    <failure type="org.openqa.selenium.UnhandledAlertException" message="Unexpected promptUserAndPass dialog detected. Performed handler &amp;quot;dismiss&amp;quot;. Dialog text: This site is asking you to sign in.: This site is asking you to sign in.
Build info: version: &amp;apos;4.10.0&amp;apos;, revision: &amp;apos;c14d967899&amp;apos;
System info: os.name: &amp;apos;Mac OS X&amp;apos;, os.arch: &amp;apos;x86_64&amp;apos;, os.version: &amp;apos;10.16&amp;apos;, java.version: &amp;apos;11.0.2&amp;apos;
Driver info: org.openqa.selenium.firefox.FirefoxDriver
Command: [a96d8324-3a76-4425-a2eb-5ea3959aedd0, get {url=http://admin:admin@the-internet.herokuapp.com/basic_auth}]
Capabilities {acceptInsecureCerts: true, browserName: firefox, browserVersion: 136.0, moz:accessibilityChecks: false, moz:buildID: 20250227124745, moz:geckodriverVersion: 0.36.0, moz:headless: false, moz:platformVersion: 21.6.0, moz:processID: 14259, moz:profile: /var/folders/6n/54r6dxdd3l3..., moz:shutdownTimeout: 60000, moz:webdriverClick: true, moz:windowless: false, pageLoadStrategy: normal, platformName: mac, proxy: Proxy(), setWindowRect: true, strictFileInteractability: false, timeouts: {implicit: 0, pageLoad: 300000, script: 30000}, unhandledPromptBehavior: dismiss and notify, userAgent: Mozilla/5.0 (Macintosh; Int...}
Session ID: a96d8324-3a76-4425-a2eb-5ea3959aedd0">
      <![CDATA[org.openqa.selenium.UnhandledAlertException: Unexpected promptUserAndPass dialog detected. Performed handler "dismiss". Dialog text: This site is asking you to sign in.: This site is asking you to sign in.
Build info: version: '4.10.0', revision: 'c14d967899'
System info: os.name: 'Mac OS X', os.arch: 'x86_64', os.version: '10.16', java.version: '11.0.2'
Driver info: org.openqa.selenium.firefox.FirefoxDriver
Command: [a96d8324-3a76-4425-a2eb-5ea3959aedd0, get {url=http://admin:admin@the-internet.herokuapp.com/basic_auth}]
Capabilities {acceptInsecureCerts: true, browserName: firefox, browserVersion: 136.0, moz:accessibilityChecks: false, moz:buildID: 20250227124745, moz:geckodriverVersion: 0.36.0, moz:headless: false, moz:platformVersion: 21.6.0, moz:processID: 14259, moz:profile: /var/folders/6n/54r6dxdd3l3..., moz:shutdownTimeout: 60000, moz:webdriverClick: true, moz:windowless: false, pageLoadStrategy: normal, platformName: mac, proxy: Proxy(), setWindowRect: true, strictFileInteractability: false, timeouts: {implicit: 0, pageLoad: 300000, script: 30000}, unhandledPromptBehavior: dismiss and notify, userAgent: Mozilla/5.0 (Macintosh; Int...}
Session ID: a96d8324-3a76-4425-a2eb-5ea3959aedd0
at org.openqa.selenium.remote.codec.w3c.W3CHttpResponseCodec.decode(W3CHttpResponseCodec.java:130)
at org.openqa.selenium.remote.codec.w3c.W3CHttpResponseCodec.decode(W3CHttpResponseCodec.java:51)
at org.openqa.selenium.remote.HttpCommandExecutor.execute(HttpCommandExecutor.java:191)
at org.openqa.selenium.remote.service.DriverCommandExecutor.invokeExecute(DriverCommandExecutor.java:196)
at org.openqa.selenium.remote.service.DriverCommandExecutor.execute(DriverCommandExecutor.java:171)
at org.openqa.selenium.remote.RemoteWebDriver.execute(RemoteWebDriver.java:531)
at org.openqa.selenium.remote.RemoteWebDriver.get(RemoteWebDriver.java:295)
at com.auto.theInternet.IntenetHerokuappPOC.BasicAuthTestClass.BasicAuth(BasicAuthTestClass.java:15)
at java.base/java.util.ArrayList.forEach(ArrayList.java:1540)
at java.base/java.util.concurrent.FutureTask.run(FutureTask.java:264)
at java.base/java.util.concurrent.ThreadPoolExecutor.runWorker(ThreadPoolExecutor.java:1128)
at java.base/java.util.concurrent.ThreadPoolExecutor$Worker.run(ThreadPoolExecutor.java:628)
at java.base/java.lang.Thread.run(Thread.java:834)
... Removed 17 stack frames]]>
    </failure>
  </testcase> <!-- BasicAuth -->
  <testcase classname="com.auto.theInternet.IntenetHerokuappPOC.BrokenImageTestClass" name="validateStateOfImages" time="2.889"/>
  <testcase classname="com.auto.theInternet.IntenetHerokuappPOC.ChallengingDOMTestClass" name="validateChallengingDOM" time="1.026"/>
  <testcase classname="com.auto.theInternet.IntenetHerokuappPOC.CheckboxesTestClass" name="validateCheckboxes" time="1.194"/>
  <testcase classname="com.auto.theInternet.IntenetHerokuappPOC.ContextMenuTestClass" name="validateContextMenu" time="1.982"/>
  <testcase classname="com.auto.theInternet.IntenetHerokuappPOC.DisappearingElementsTestClass" name="validateDisappearingElements" time="3.584"/>
  <testcase classname="com.auto.theInternet.IntenetHerokuappPOC.DragAndDropTestClass" name="validatingDragAndDrop" time="1.826">
    <failure type="java.lang.AssertionError" message="expected [B] but found [A]">
      <![CDATA[java.lang.AssertionError: expected [B] but found [A]
at com.auto.theInternet.IntenetHerokuappPOC.DragAndDropTestClass.validatingDragAndDrop(DragAndDropTestClass.java:20)
at java.base/java.util.ArrayList.forEach(ArrayList.java:1540)
at java.base/java.util.concurrent.FutureTask.run(FutureTask.java:264)
at java.base/java.util.concurrent.ThreadPoolExecutor.runWorker(ThreadPoolExecutor.java:1128)
at java.base/java.util.concurrent.ThreadPoolExecutor$Worker.run(ThreadPoolExecutor.java:628)
at java.base/java.lang.Thread.run(Thread.java:834)
... Removed 23 stack frames]]>
    </failure>
  </testcase> <!-- validatingDragAndDrop -->
  <testcase classname="com.auto.theInternet.IntenetHerokuappPOC.DropDownTestClass" name="validateDropDown" time="1.836"/>
  <testcase classname="com.auto.theInternet.IntenetHerokuappPOC.DynamicContentTestClass" name="validateDynamicContentVariable" time="13.953"/>
  <testcase classname="com.auto.theInternet.IntenetHerokuappPOC.DynamicControlsTestClass" name="validateDynamicControl" time="9.002"/>
  <testcase classname="com.auto.theInternet.IntenetHerokuappPOC.DynamicLoadingTestClass" name="validateDynamicLoading" time="11.852"/>
  <testcase classname="com.auto.theInternet.IntenetHerokuappPOC.EntryAdTestClass" name="validateEntryAd" time="1.344"/>
  <testcase classname="com.auto.theInternet.IntenetHerokuappPOC.FileDownloadTestClass" name="validateFileDownload" time="11.238"/>
  <testcase classname="com.auto.theInternet.IntenetHerokuappPOC.ValidateABTesting" name="validateABTest" time="0.483"/>
  <testcase classname="com.auto.theInternet.IntenetHerokuappPOC.ExitIntentTestClass" name="validateExitIntent" time="0.0">
    <ignored/>
  </testcase> <!-- validateExitIntent -->
</testsuite> <!-- FirefoxTest -->
