<?xml version="1.0" encoding="UTF-8"?>
<testng-results ignored="0" total="1" passed="1" failed="0" skipped="0">
  <reporter-output>
  </reporter-output>
  <suite started-at="2025-03-21T15:59:52 GST" name="Default suite" finished-at="2025-03-21T16:00:07 GST" duration-ms="15012">
    <groups>
    </groups>
    <test started-at="2025-03-21T15:59:52 GST" name="Default test" finished-at="2025-03-21T16:00:07 GST" duration-ms="15012">
      <class name="com.auto.theInternet.IntenetHerokuappPOC.DragAndDropTestClass">
        <test-method is-config="true" signature="setup(java.lang.String)[pri:0, instance:com.auto.theInternet.IntenetHerokuappPOC.DragAndDropTestClass@efde75f]" started-at="2025-03-21T15:59:52 GST" name="setup" finished-at="2025-03-21T16:00:05 GST" duration-ms="12940" status="PASS">
          <params>
            <param index="0">
              <value>
                <![CDATA[firefox]]>
              </value>
            </param>
          </params>
          <reporter-output>
          </reporter-output>
        </test-method> <!-- setup -->
        <test-method signature="validatingDragAndDrop()[pri:0, instance:com.auto.theInternet.IntenetHerokuappPOC.DragAndDropTestClass@efde75f]" started-at="2025-03-21T16:00:05 GST" name="validatingDragAndDrop" finished-at="2025-03-21T16:00:06 GST" duration-ms="617" status="PASS">
          <reporter-output>
          </reporter-output>
        </test-method> <!-- validatingDragAndDrop -->
        <test-method is-config="true" signature="tearDown()[pri:0, instance:com.auto.theInternet.IntenetHerokuappPOC.DragAndDropTestClass@efde75f]" started-at="2025-03-21T16:00:06 GST" name="tearDown" finished-at="2025-03-21T16:00:07 GST" duration-ms="1187" status="PASS">
          <reporter-output>
          </reporter-output>
        </test-method> <!-- tearDown -->
      </class> <!-- com.auto.theInternet.IntenetHerokuappPOC.DragAndDropTestClass -->
    </test> <!-- Default test -->
  </suite> <!-- Default suite -->
</testng-results>
